ARM GAS  C:\Users\hwang\AppData\Local\Temp\ccy5RzK9.s 			page 1


   1              		.cpu cortex-m4
   2              		.eabi_attribute 27, 1
   3              		.eabi_attribute 28, 1
   4              		.eabi_attribute 20, 1
   5              		.eabi_attribute 21, 1
   6              		.eabi_attribute 23, 3
   7              		.eabi_attribute 24, 1
   8              		.eabi_attribute 25, 1
   9              		.eabi_attribute 26, 1
  10              		.eabi_attribute 30, 1
  11              		.eabi_attribute 34, 1
  12              		.eabi_attribute 18, 4
  13              		.file	"stm32f4xx_hal_flash_ramfunc.c"
  14              		.text
  15              	.Ltext0:
  16              		.cfi_sections	.debug_frame
  17              	.Letext0:
  18              		.file 1 "d:\\arm_tool\\gcc-arm-none-eabi-7-2017-q4-major-win32\\arm-none-eabi\\include\\machine\\_
  19              		.file 2 "d:\\arm_tool\\gcc-arm-none-eabi-7-2017-q4-major-win32\\arm-none-eabi\\include\\sys\\_stdi
  20              		.file 3 "Drivers/CMSIS/Include/core_cm4.h"
  21              		.file 4 "Drivers/CMSIS/Device/ST/STM32F4xx/Include/system_stm32f4xx.h"
  22              		.file 5 "d:\\arm_tool\\gcc-arm-none-eabi-7-2017-q4-major-win32\\arm-none-eabi\\include\\sys\\lock.
  23              		.file 6 "d:\\arm_tool\\gcc-arm-none-eabi-7-2017-q4-major-win32\\arm-none-eabi\\include\\sys\\_type
  24              		.file 7 "d:\\arm_tool\\gcc-arm-none-eabi-7-2017-q4-major-win32\\lib\\gcc\\arm-none-eabi\\7.2.1\\in
  25              		.file 8 "d:\\arm_tool\\gcc-arm-none-eabi-7-2017-q4-major-win32\\arm-none-eabi\\include\\sys\\reent
ARM GAS  C:\Users\hwang\AppData\Local\Temp\ccy5RzK9.s 			page 2


DEFINED SYMBOLS
                            *ABS*:00000000 stm32f4xx_hal_flash_ramfunc.c

NO UNDEFINED SYMBOLS
