ARM GAS  C:\Users\hwang\AppData\Local\Temp\ccbmSsNx.s 			page 1


   1              		.cpu cortex-m4
   2              		.eabi_attribute 27, 1
   3              		.eabi_attribute 28, 1
   4              		.eabi_attribute 20, 1
   5              		.eabi_attribute 21, 1
   6              		.eabi_attribute 23, 3
   7              		.eabi_attribute 24, 1
   8              		.eabi_attribute 25, 1
   9              		.eabi_attribute 26, 1
  10              		.eabi_attribute 30, 1
  11              		.eabi_attribute 34, 1
  12              		.eabi_attribute 18, 4
  13              		.file	"stm32f4xx_hal_msp.c"
  14              		.text
  15              	.Ltext0:
  16              		.cfi_sections	.debug_frame
  17              		.section	.text.HAL_MspInit,"ax",%progbits
  18              		.align	1
  19              		.global	HAL_MspInit
  20              		.syntax unified
  21              		.thumb
  22              		.thumb_func
  23              		.fpu fpv4-sp-d16
  25              	HAL_MspInit:
  26              	.LFB126:
  27              		.file 1 "Src/stm32f4xx_hal_msp.c"
   1:Src/stm32f4xx_hal_msp.c **** /**
   2:Src/stm32f4xx_hal_msp.c ****   ******************************************************************************
   3:Src/stm32f4xx_hal_msp.c ****   * File Name          : stm32f4xx_hal_msp.c
   4:Src/stm32f4xx_hal_msp.c ****   * Description        : This file provides code for the MSP Initialization 
   5:Src/stm32f4xx_hal_msp.c ****   *                      and de-Initialization codes.
   6:Src/stm32f4xx_hal_msp.c ****   ******************************************************************************
   7:Src/stm32f4xx_hal_msp.c ****   * This notice applies to any and all portions of this file
   8:Src/stm32f4xx_hal_msp.c ****   * that are not between comment pairs USER CODE BEGIN and
   9:Src/stm32f4xx_hal_msp.c ****   * USER CODE END. Other portions of this file, whether 
  10:Src/stm32f4xx_hal_msp.c ****   * inserted by the user or by software development tools
  11:Src/stm32f4xx_hal_msp.c ****   * are owned by their respective copyright owners.
  12:Src/stm32f4xx_hal_msp.c ****   *
  13:Src/stm32f4xx_hal_msp.c ****   * Copyright (c) 2018 STMicroelectronics International N.V. 
  14:Src/stm32f4xx_hal_msp.c ****   * All rights reserved.
  15:Src/stm32f4xx_hal_msp.c ****   *
  16:Src/stm32f4xx_hal_msp.c ****   * Redistribution and use in source and binary forms, with or without 
  17:Src/stm32f4xx_hal_msp.c ****   * modification, are permitted, provided that the following conditions are met:
  18:Src/stm32f4xx_hal_msp.c ****   *
  19:Src/stm32f4xx_hal_msp.c ****   * 1. Redistribution of source code must retain the above copyright notice, 
  20:Src/stm32f4xx_hal_msp.c ****   *    this list of conditions and the following disclaimer.
  21:Src/stm32f4xx_hal_msp.c ****   * 2. Redistributions in binary form must reproduce the above copyright notice,
  22:Src/stm32f4xx_hal_msp.c ****   *    this list of conditions and the following disclaimer in the documentation
  23:Src/stm32f4xx_hal_msp.c ****   *    and/or other materials provided with the distribution.
  24:Src/stm32f4xx_hal_msp.c ****   * 3. Neither the name of STMicroelectronics nor the names of other 
  25:Src/stm32f4xx_hal_msp.c ****   *    contributors to this software may be used to endorse or promote products 
  26:Src/stm32f4xx_hal_msp.c ****   *    derived from this software without specific written permission.
  27:Src/stm32f4xx_hal_msp.c ****   * 4. This software, including modifications and/or derivative works of this 
  28:Src/stm32f4xx_hal_msp.c ****   *    software, must execute solely and exclusively on microcontroller or
  29:Src/stm32f4xx_hal_msp.c ****   *    microprocessor devices manufactured by or for STMicroelectronics.
  30:Src/stm32f4xx_hal_msp.c ****   * 5. Redistribution and use of this software other than as permitted under 
  31:Src/stm32f4xx_hal_msp.c ****   *    this license is void and will automatically terminate your rights under 
ARM GAS  C:\Users\hwang\AppData\Local\Temp\ccbmSsNx.s 			page 2


  32:Src/stm32f4xx_hal_msp.c ****   *    this license. 
  33:Src/stm32f4xx_hal_msp.c ****   *
  34:Src/stm32f4xx_hal_msp.c ****   * THIS SOFTWARE IS PROVIDED BY STMICROELECTRONICS AND CONTRIBUTORS "AS IS" 
  35:Src/stm32f4xx_hal_msp.c ****   * AND ANY EXPRESS, IMPLIED OR STATUTORY WARRANTIES, INCLUDING, BUT NOT 
  36:Src/stm32f4xx_hal_msp.c ****   * LIMITED TO, THE IMPLIED WARRANTIES OF MERCHANTABILITY, FITNESS FOR A 
  37:Src/stm32f4xx_hal_msp.c ****   * PARTICULAR PURPOSE AND NON-INFRINGEMENT OF THIRD PARTY INTELLECTUAL PROPERTY
  38:Src/stm32f4xx_hal_msp.c ****   * RIGHTS ARE DISCLAIMED TO THE FULLEST EXTENT PERMITTED BY LAW. IN NO EVENT 
  39:Src/stm32f4xx_hal_msp.c ****   * SHALL STMICROELECTRONICS OR CONTRIBUTORS BE LIABLE FOR ANY DIRECT, INDIRECT,
  40:Src/stm32f4xx_hal_msp.c ****   * INCIDENTAL, SPECIAL, EXEMPLARY, OR CONSEQUENTIAL DAMAGES (INCLUDING, BUT NOT
  41:Src/stm32f4xx_hal_msp.c ****   * LIMITED TO, PROCUREMENT OF SUBSTITUTE GOODS OR SERVICES; LOSS OF USE, DATA, 
  42:Src/stm32f4xx_hal_msp.c ****   * OR PROFITS; OR BUSINESS INTERRUPTION) HOWEVER CAUSED AND ON ANY THEORY OF 
  43:Src/stm32f4xx_hal_msp.c ****   * LIABILITY, WHETHER IN CONTRACT, STRICT LIABILITY, OR TORT (INCLUDING 
  44:Src/stm32f4xx_hal_msp.c ****   * NEGLIGENCE OR OTHERWISE) ARISING IN ANY WAY OUT OF THE USE OF THIS SOFTWARE,
  45:Src/stm32f4xx_hal_msp.c ****   * EVEN IF ADVISED OF THE POSSIBILITY OF SUCH DAMAGE.
  46:Src/stm32f4xx_hal_msp.c ****   *
  47:Src/stm32f4xx_hal_msp.c ****   ******************************************************************************
  48:Src/stm32f4xx_hal_msp.c ****   */
  49:Src/stm32f4xx_hal_msp.c **** /* Includes ------------------------------------------------------------------*/
  50:Src/stm32f4xx_hal_msp.c **** #include "stm32f4xx_hal.h"
  51:Src/stm32f4xx_hal_msp.c **** 
  52:Src/stm32f4xx_hal_msp.c **** extern void _Error_Handler(char *, int);
  53:Src/stm32f4xx_hal_msp.c **** /* USER CODE BEGIN 0 */
  54:Src/stm32f4xx_hal_msp.c **** 
  55:Src/stm32f4xx_hal_msp.c **** /* USER CODE END 0 */
  56:Src/stm32f4xx_hal_msp.c **** /**
  57:Src/stm32f4xx_hal_msp.c ****   * Initializes the Global MSP.
  58:Src/stm32f4xx_hal_msp.c ****   */
  59:Src/stm32f4xx_hal_msp.c **** void HAL_MspInit(void)
  60:Src/stm32f4xx_hal_msp.c **** {
  28              		.loc 1 60 0
  29              		.cfi_startproc
  30              		@ args = 0, pretend = 0, frame = 0
  31              		@ frame_needed = 0, uses_anonymous_args = 0
  32 0000 08B5     		push	{r3, lr}
  33              	.LCFI0:
  34              		.cfi_def_cfa_offset 8
  35              		.cfi_offset 3, -8
  36              		.cfi_offset 14, -4
  61:Src/stm32f4xx_hal_msp.c ****   /* USER CODE BEGIN MspInit 0 */
  62:Src/stm32f4xx_hal_msp.c **** 
  63:Src/stm32f4xx_hal_msp.c ****   /* USER CODE END MspInit 0 */
  64:Src/stm32f4xx_hal_msp.c **** 
  65:Src/stm32f4xx_hal_msp.c ****   HAL_NVIC_SetPriorityGrouping(NVIC_PRIORITYGROUP_4);
  37              		.loc 1 65 0
  38 0002 0320     		movs	r0, #3
  39 0004 FFF7FEFF 		bl	HAL_NVIC_SetPriorityGrouping
  40              	.LVL0:
  66:Src/stm32f4xx_hal_msp.c **** 
  67:Src/stm32f4xx_hal_msp.c ****   /* System interrupt init*/
  68:Src/stm32f4xx_hal_msp.c ****   /* MemoryManagement_IRQn interrupt configuration */
  69:Src/stm32f4xx_hal_msp.c ****   HAL_NVIC_SetPriority(MemoryManagement_IRQn, 0, 0);
  41              		.loc 1 69 0
  42 0008 0022     		movs	r2, #0
  43 000a 1146     		mov	r1, r2
  44 000c 6FF00B00 		mvn	r0, #11
  45 0010 FFF7FEFF 		bl	HAL_NVIC_SetPriority
  46              	.LVL1:
ARM GAS  C:\Users\hwang\AppData\Local\Temp\ccbmSsNx.s 			page 3


  70:Src/stm32f4xx_hal_msp.c ****   /* BusFault_IRQn interrupt configuration */
  71:Src/stm32f4xx_hal_msp.c ****   HAL_NVIC_SetPriority(BusFault_IRQn, 0, 0);
  47              		.loc 1 71 0
  48 0014 0022     		movs	r2, #0
  49 0016 1146     		mov	r1, r2
  50 0018 6FF00A00 		mvn	r0, #10
  51 001c FFF7FEFF 		bl	HAL_NVIC_SetPriority
  52              	.LVL2:
  72:Src/stm32f4xx_hal_msp.c ****   /* UsageFault_IRQn interrupt configuration */
  73:Src/stm32f4xx_hal_msp.c ****   HAL_NVIC_SetPriority(UsageFault_IRQn, 0, 0);
  53              		.loc 1 73 0
  54 0020 0022     		movs	r2, #0
  55 0022 1146     		mov	r1, r2
  56 0024 6FF00900 		mvn	r0, #9
  57 0028 FFF7FEFF 		bl	HAL_NVIC_SetPriority
  58              	.LVL3:
  74:Src/stm32f4xx_hal_msp.c ****   /* SVCall_IRQn interrupt configuration */
  75:Src/stm32f4xx_hal_msp.c ****   HAL_NVIC_SetPriority(SVCall_IRQn, 0, 0);
  59              		.loc 1 75 0
  60 002c 0022     		movs	r2, #0
  61 002e 1146     		mov	r1, r2
  62 0030 6FF00400 		mvn	r0, #4
  63 0034 FFF7FEFF 		bl	HAL_NVIC_SetPriority
  64              	.LVL4:
  76:Src/stm32f4xx_hal_msp.c ****   /* DebugMonitor_IRQn interrupt configuration */
  77:Src/stm32f4xx_hal_msp.c ****   HAL_NVIC_SetPriority(DebugMonitor_IRQn, 0, 0);
  65              		.loc 1 77 0
  66 0038 0022     		movs	r2, #0
  67 003a 1146     		mov	r1, r2
  68 003c 6FF00300 		mvn	r0, #3
  69 0040 FFF7FEFF 		bl	HAL_NVIC_SetPriority
  70              	.LVL5:
  78:Src/stm32f4xx_hal_msp.c ****   /* PendSV_IRQn interrupt configuration */
  79:Src/stm32f4xx_hal_msp.c ****   HAL_NVIC_SetPriority(PendSV_IRQn, 0, 0);
  71              		.loc 1 79 0
  72 0044 0022     		movs	r2, #0
  73 0046 1146     		mov	r1, r2
  74 0048 6FF00100 		mvn	r0, #1
  75 004c FFF7FEFF 		bl	HAL_NVIC_SetPriority
  76              	.LVL6:
  80:Src/stm32f4xx_hal_msp.c ****   /* SysTick_IRQn interrupt configuration */
  81:Src/stm32f4xx_hal_msp.c ****   HAL_NVIC_SetPriority(SysTick_IRQn, 0, 0);
  77              		.loc 1 81 0
  78 0050 0022     		movs	r2, #0
  79 0052 1146     		mov	r1, r2
  80 0054 4FF0FF30 		mov	r0, #-1
  81 0058 FFF7FEFF 		bl	HAL_NVIC_SetPriority
  82              	.LVL7:
  82:Src/stm32f4xx_hal_msp.c **** 
  83:Src/stm32f4xx_hal_msp.c ****   /* USER CODE BEGIN MspInit 1 */
  84:Src/stm32f4xx_hal_msp.c **** 
  85:Src/stm32f4xx_hal_msp.c ****   /* USER CODE END MspInit 1 */
  86:Src/stm32f4xx_hal_msp.c **** }
  83              		.loc 1 86 0
  84 005c 08BD     		pop	{r3, pc}
  85              		.cfi_endproc
  86              	.LFE126:
ARM GAS  C:\Users\hwang\AppData\Local\Temp\ccbmSsNx.s 			page 4


  88              		.section	.text.HAL_ADC_MspInit,"ax",%progbits
  89              		.align	1
  90              		.global	HAL_ADC_MspInit
  91              		.syntax unified
  92              		.thumb
  93              		.thumb_func
  94              		.fpu fpv4-sp-d16
  96              	HAL_ADC_MspInit:
  97              	.LFB127:
  87:Src/stm32f4xx_hal_msp.c **** 
  88:Src/stm32f4xx_hal_msp.c **** void HAL_ADC_MspInit(ADC_HandleTypeDef* hadc)
  89:Src/stm32f4xx_hal_msp.c **** {
  98              		.loc 1 89 0
  99              		.cfi_startproc
 100              		@ args = 0, pretend = 0, frame = 24
 101              		@ frame_needed = 0, uses_anonymous_args = 0
 102              	.LVL8:
  90:Src/stm32f4xx_hal_msp.c **** 
  91:Src/stm32f4xx_hal_msp.c ****   GPIO_InitTypeDef GPIO_InitStruct;
  92:Src/stm32f4xx_hal_msp.c ****   if(hadc->Instance==ADC1)
 103              		.loc 1 92 0
 104 0000 0268     		ldr	r2, [r0]
 105 0002 164B     		ldr	r3, .L10
 106 0004 9A42     		cmp	r2, r3
 107 0006 00D0     		beq	.L9
 108 0008 7047     		bx	lr
 109              	.L9:
  89:Src/stm32f4xx_hal_msp.c **** 
 110              		.loc 1 89 0
 111 000a 30B5     		push	{r4, r5, lr}
 112              	.LCFI1:
 113              		.cfi_def_cfa_offset 12
 114              		.cfi_offset 4, -12
 115              		.cfi_offset 5, -8
 116              		.cfi_offset 14, -4
 117 000c 87B0     		sub	sp, sp, #28
 118              	.LCFI2:
 119              		.cfi_def_cfa_offset 40
 120              	.LBB2:
  93:Src/stm32f4xx_hal_msp.c ****   {
  94:Src/stm32f4xx_hal_msp.c ****   /* USER CODE BEGIN ADC1_MspInit 0 */
  95:Src/stm32f4xx_hal_msp.c **** 
  96:Src/stm32f4xx_hal_msp.c ****   /* USER CODE END ADC1_MspInit 0 */
  97:Src/stm32f4xx_hal_msp.c ****     /* Peripheral clock enable */
  98:Src/stm32f4xx_hal_msp.c ****     __HAL_RCC_ADC1_CLK_ENABLE();
 121              		.loc 1 98 0
 122 000e 0024     		movs	r4, #0
 123 0010 0094     		str	r4, [sp]
 124 0012 03F58C33 		add	r3, r3, #71680
 125 0016 5A6C     		ldr	r2, [r3, #68]
 126 0018 42F48072 		orr	r2, r2, #256
 127 001c 5A64     		str	r2, [r3, #68]
 128 001e 5B6C     		ldr	r3, [r3, #68]
 129 0020 03F48073 		and	r3, r3, #256
 130 0024 0093     		str	r3, [sp]
 131 0026 009B     		ldr	r3, [sp]
 132              	.LBE2:
ARM GAS  C:\Users\hwang\AppData\Local\Temp\ccbmSsNx.s 			page 5


  99:Src/stm32f4xx_hal_msp.c ****   
 100:Src/stm32f4xx_hal_msp.c ****     /**ADC1 GPIO Configuration    
 101:Src/stm32f4xx_hal_msp.c ****     PC1     ------> ADC1_IN11
 102:Src/stm32f4xx_hal_msp.c ****     PA1     ------> ADC1_IN1
 103:Src/stm32f4xx_hal_msp.c ****     PA2     ------> ADC1_IN2
 104:Src/stm32f4xx_hal_msp.c ****     PA3     ------> ADC1_IN3
 105:Src/stm32f4xx_hal_msp.c ****     PC5     ------> ADC1_IN15
 106:Src/stm32f4xx_hal_msp.c ****     PB0     ------> ADC1_IN8
 107:Src/stm32f4xx_hal_msp.c ****     PB1     ------> ADC1_IN9 
 108:Src/stm32f4xx_hal_msp.c ****     */
 109:Src/stm32f4xx_hal_msp.c ****     GPIO_InitStruct.Pin = ANALOG_VIN_Pin|ANALOG_ISENS_1_Pin;
 133              		.loc 1 109 0
 134 0028 2223     		movs	r3, #34
 135 002a 0193     		str	r3, [sp, #4]
 110:Src/stm32f4xx_hal_msp.c ****     GPIO_InitStruct.Mode = GPIO_MODE_ANALOG;
 136              		.loc 1 110 0
 137 002c 0325     		movs	r5, #3
 138 002e 0295     		str	r5, [sp, #8]
 111:Src/stm32f4xx_hal_msp.c ****     GPIO_InitStruct.Pull = GPIO_NOPULL;
 139              		.loc 1 111 0
 140 0030 0394     		str	r4, [sp, #12]
 112:Src/stm32f4xx_hal_msp.c ****     HAL_GPIO_Init(GPIOC, &GPIO_InitStruct);
 141              		.loc 1 112 0
 142 0032 01A9     		add	r1, sp, #4
 143 0034 0A48     		ldr	r0, .L10+4
 144              	.LVL9:
 145 0036 FFF7FEFF 		bl	HAL_GPIO_Init
 146              	.LVL10:
 113:Src/stm32f4xx_hal_msp.c **** 
 114:Src/stm32f4xx_hal_msp.c ****     GPIO_InitStruct.Pin = ANALOG_VSENS_1_Pin|ANALOG_VSENS_2_Pin|ANALOG_VSENS_3_Pin;
 147              		.loc 1 114 0
 148 003a 0E23     		movs	r3, #14
 149 003c 0193     		str	r3, [sp, #4]
 115:Src/stm32f4xx_hal_msp.c ****     GPIO_InitStruct.Mode = GPIO_MODE_ANALOG;
 150              		.loc 1 115 0
 151 003e 0295     		str	r5, [sp, #8]
 116:Src/stm32f4xx_hal_msp.c ****     GPIO_InitStruct.Pull = GPIO_NOPULL;
 152              		.loc 1 116 0
 153 0040 0394     		str	r4, [sp, #12]
 117:Src/stm32f4xx_hal_msp.c ****     HAL_GPIO_Init(GPIOA, &GPIO_InitStruct);
 154              		.loc 1 117 0
 155 0042 01A9     		add	r1, sp, #4
 156 0044 0748     		ldr	r0, .L10+8
 157 0046 FFF7FEFF 		bl	HAL_GPIO_Init
 158              	.LVL11:
 118:Src/stm32f4xx_hal_msp.c **** 
 119:Src/stm32f4xx_hal_msp.c ****     GPIO_InitStruct.Pin = ANALOG_ISENS_2_Pin|ANALOG_ISENS_3_Pin;
 159              		.loc 1 119 0
 160 004a 0195     		str	r5, [sp, #4]
 120:Src/stm32f4xx_hal_msp.c ****     GPIO_InitStruct.Mode = GPIO_MODE_ANALOG;
 161              		.loc 1 120 0
 162 004c 0295     		str	r5, [sp, #8]
 121:Src/stm32f4xx_hal_msp.c ****     GPIO_InitStruct.Pull = GPIO_NOPULL;
 163              		.loc 1 121 0
 164 004e 0394     		str	r4, [sp, #12]
 122:Src/stm32f4xx_hal_msp.c ****     HAL_GPIO_Init(GPIOB, &GPIO_InitStruct);
 165              		.loc 1 122 0
ARM GAS  C:\Users\hwang\AppData\Local\Temp\ccbmSsNx.s 			page 6


 166 0050 01A9     		add	r1, sp, #4
 167 0052 0548     		ldr	r0, .L10+12
 168 0054 FFF7FEFF 		bl	HAL_GPIO_Init
 169              	.LVL12:
 123:Src/stm32f4xx_hal_msp.c **** 
 124:Src/stm32f4xx_hal_msp.c ****   /* USER CODE BEGIN ADC1_MspInit 1 */
 125:Src/stm32f4xx_hal_msp.c **** 
 126:Src/stm32f4xx_hal_msp.c ****   /* USER CODE END ADC1_MspInit 1 */
 127:Src/stm32f4xx_hal_msp.c ****   }
 128:Src/stm32f4xx_hal_msp.c **** 
 129:Src/stm32f4xx_hal_msp.c **** }
 170              		.loc 1 129 0
 171 0058 07B0     		add	sp, sp, #28
 172              	.LCFI3:
 173              		.cfi_def_cfa_offset 12
 174              		@ sp needed
 175 005a 30BD     		pop	{r4, r5, pc}
 176              	.L11:
 177              		.align	2
 178              	.L10:
 179 005c 00200140 		.word	1073815552
 180 0060 00080240 		.word	1073874944
 181 0064 00000240 		.word	1073872896
 182 0068 00040240 		.word	1073873920
 183              		.cfi_endproc
 184              	.LFE127:
 186              		.section	.text.HAL_ADC_MspDeInit,"ax",%progbits
 187              		.align	1
 188              		.global	HAL_ADC_MspDeInit
 189              		.syntax unified
 190              		.thumb
 191              		.thumb_func
 192              		.fpu fpv4-sp-d16
 194              	HAL_ADC_MspDeInit:
 195              	.LFB128:
 130:Src/stm32f4xx_hal_msp.c **** 
 131:Src/stm32f4xx_hal_msp.c **** void HAL_ADC_MspDeInit(ADC_HandleTypeDef* hadc)
 132:Src/stm32f4xx_hal_msp.c **** {
 196              		.loc 1 132 0
 197              		.cfi_startproc
 198              		@ args = 0, pretend = 0, frame = 0
 199              		@ frame_needed = 0, uses_anonymous_args = 0
 200              	.LVL13:
 201 0000 08B5     		push	{r3, lr}
 202              	.LCFI4:
 203              		.cfi_def_cfa_offset 8
 204              		.cfi_offset 3, -8
 205              		.cfi_offset 14, -4
 133:Src/stm32f4xx_hal_msp.c **** 
 134:Src/stm32f4xx_hal_msp.c ****   if(hadc->Instance==ADC1)
 206              		.loc 1 134 0
 207 0002 0268     		ldr	r2, [r0]
 208 0004 0A4B     		ldr	r3, .L16
 209 0006 9A42     		cmp	r2, r3
 210 0008 00D0     		beq	.L15
 211              	.LVL14:
 212              	.L12:
ARM GAS  C:\Users\hwang\AppData\Local\Temp\ccbmSsNx.s 			page 7


 135:Src/stm32f4xx_hal_msp.c ****   {
 136:Src/stm32f4xx_hal_msp.c ****   /* USER CODE BEGIN ADC1_MspDeInit 0 */
 137:Src/stm32f4xx_hal_msp.c **** 
 138:Src/stm32f4xx_hal_msp.c ****   /* USER CODE END ADC1_MspDeInit 0 */
 139:Src/stm32f4xx_hal_msp.c ****     /* Peripheral clock disable */
 140:Src/stm32f4xx_hal_msp.c ****     __HAL_RCC_ADC1_CLK_DISABLE();
 141:Src/stm32f4xx_hal_msp.c ****   
 142:Src/stm32f4xx_hal_msp.c ****     /**ADC1 GPIO Configuration    
 143:Src/stm32f4xx_hal_msp.c ****     PC1     ------> ADC1_IN11
 144:Src/stm32f4xx_hal_msp.c ****     PA1     ------> ADC1_IN1
 145:Src/stm32f4xx_hal_msp.c ****     PA2     ------> ADC1_IN2
 146:Src/stm32f4xx_hal_msp.c ****     PA3     ------> ADC1_IN3
 147:Src/stm32f4xx_hal_msp.c ****     PC5     ------> ADC1_IN15
 148:Src/stm32f4xx_hal_msp.c ****     PB0     ------> ADC1_IN8
 149:Src/stm32f4xx_hal_msp.c ****     PB1     ------> ADC1_IN9 
 150:Src/stm32f4xx_hal_msp.c ****     */
 151:Src/stm32f4xx_hal_msp.c ****     HAL_GPIO_DeInit(GPIOC, ANALOG_VIN_Pin|ANALOG_ISENS_1_Pin);
 152:Src/stm32f4xx_hal_msp.c **** 
 153:Src/stm32f4xx_hal_msp.c ****     HAL_GPIO_DeInit(GPIOA, ANALOG_VSENS_1_Pin|ANALOG_VSENS_2_Pin|ANALOG_VSENS_3_Pin);
 154:Src/stm32f4xx_hal_msp.c **** 
 155:Src/stm32f4xx_hal_msp.c ****     HAL_GPIO_DeInit(GPIOB, ANALOG_ISENS_2_Pin|ANALOG_ISENS_3_Pin);
 156:Src/stm32f4xx_hal_msp.c **** 
 157:Src/stm32f4xx_hal_msp.c ****   /* USER CODE BEGIN ADC1_MspDeInit 1 */
 158:Src/stm32f4xx_hal_msp.c **** 
 159:Src/stm32f4xx_hal_msp.c ****   /* USER CODE END ADC1_MspDeInit 1 */
 160:Src/stm32f4xx_hal_msp.c ****   }
 161:Src/stm32f4xx_hal_msp.c **** 
 162:Src/stm32f4xx_hal_msp.c **** }
 213              		.loc 1 162 0
 214 000a 08BD     		pop	{r3, pc}
 215              	.LVL15:
 216              	.L15:
 140:Src/stm32f4xx_hal_msp.c ****   
 217              		.loc 1 140 0
 218 000c 094A     		ldr	r2, .L16+4
 219 000e 536C     		ldr	r3, [r2, #68]
 220 0010 23F48073 		bic	r3, r3, #256
 221 0014 5364     		str	r3, [r2, #68]
 151:Src/stm32f4xx_hal_msp.c **** 
 222              		.loc 1 151 0
 223 0016 2221     		movs	r1, #34
 224 0018 0748     		ldr	r0, .L16+8
 225              	.LVL16:
 226 001a FFF7FEFF 		bl	HAL_GPIO_DeInit
 227              	.LVL17:
 153:Src/stm32f4xx_hal_msp.c **** 
 228              		.loc 1 153 0
 229 001e 0E21     		movs	r1, #14
 230 0020 0648     		ldr	r0, .L16+12
 231 0022 FFF7FEFF 		bl	HAL_GPIO_DeInit
 232              	.LVL18:
 155:Src/stm32f4xx_hal_msp.c **** 
 233              		.loc 1 155 0
 234 0026 0321     		movs	r1, #3
 235 0028 0548     		ldr	r0, .L16+16
 236 002a FFF7FEFF 		bl	HAL_GPIO_DeInit
 237              	.LVL19:
ARM GAS  C:\Users\hwang\AppData\Local\Temp\ccbmSsNx.s 			page 8


 238              		.loc 1 162 0
 239 002e ECE7     		b	.L12
 240              	.L17:
 241              		.align	2
 242              	.L16:
 243 0030 00200140 		.word	1073815552
 244 0034 00380240 		.word	1073887232
 245 0038 00080240 		.word	1073874944
 246 003c 00000240 		.word	1073872896
 247 0040 00040240 		.word	1073873920
 248              		.cfi_endproc
 249              	.LFE128:
 251              		.section	.text.HAL_SPI_MspInit,"ax",%progbits
 252              		.align	1
 253              		.global	HAL_SPI_MspInit
 254              		.syntax unified
 255              		.thumb
 256              		.thumb_func
 257              		.fpu fpv4-sp-d16
 259              	HAL_SPI_MspInit:
 260              	.LFB129:
 163:Src/stm32f4xx_hal_msp.c **** 
 164:Src/stm32f4xx_hal_msp.c **** void HAL_SPI_MspInit(SPI_HandleTypeDef* hspi)
 165:Src/stm32f4xx_hal_msp.c **** {
 261              		.loc 1 165 0
 262              		.cfi_startproc
 263              		@ args = 0, pretend = 0, frame = 24
 264              		@ frame_needed = 0, uses_anonymous_args = 0
 265              	.LVL20:
 166:Src/stm32f4xx_hal_msp.c **** 
 167:Src/stm32f4xx_hal_msp.c ****   GPIO_InitTypeDef GPIO_InitStruct;
 168:Src/stm32f4xx_hal_msp.c ****   if(hspi->Instance==SPI2)
 266              		.loc 1 168 0
 267 0000 0268     		ldr	r2, [r0]
 268 0002 124B     		ldr	r3, .L25
 269 0004 9A42     		cmp	r2, r3
 270 0006 00D0     		beq	.L24
 271 0008 7047     		bx	lr
 272              	.L24:
 165:Src/stm32f4xx_hal_msp.c **** 
 273              		.loc 1 165 0
 274 000a 00B5     		push	{lr}
 275              	.LCFI5:
 276              		.cfi_def_cfa_offset 4
 277              		.cfi_offset 14, -4
 278 000c 87B0     		sub	sp, sp, #28
 279              	.LCFI6:
 280              		.cfi_def_cfa_offset 32
 281              	.LBB3:
 169:Src/stm32f4xx_hal_msp.c ****   {
 170:Src/stm32f4xx_hal_msp.c ****   /* USER CODE BEGIN SPI2_MspInit 0 */
 171:Src/stm32f4xx_hal_msp.c **** 
 172:Src/stm32f4xx_hal_msp.c ****   /* USER CODE END SPI2_MspInit 0 */
 173:Src/stm32f4xx_hal_msp.c ****     /* Peripheral clock enable */
 174:Src/stm32f4xx_hal_msp.c ****     __HAL_RCC_SPI2_CLK_ENABLE();
 282              		.loc 1 174 0
 283 000e 0021     		movs	r1, #0
ARM GAS  C:\Users\hwang\AppData\Local\Temp\ccbmSsNx.s 			page 9


 284 0010 0091     		str	r1, [sp]
 285 0012 03F50033 		add	r3, r3, #131072
 286 0016 1A6C     		ldr	r2, [r3, #64]
 287 0018 42F48042 		orr	r2, r2, #16384
 288 001c 1A64     		str	r2, [r3, #64]
 289 001e 1B6C     		ldr	r3, [r3, #64]
 290 0020 03F48043 		and	r3, r3, #16384
 291 0024 0093     		str	r3, [sp]
 292 0026 009B     		ldr	r3, [sp]
 293              	.LBE3:
 175:Src/stm32f4xx_hal_msp.c ****   
 176:Src/stm32f4xx_hal_msp.c ****     /**SPI2 GPIO Configuration    
 177:Src/stm32f4xx_hal_msp.c ****     PB12     ------> SPI2_NSS
 178:Src/stm32f4xx_hal_msp.c ****     PB13     ------> SPI2_SCK
 179:Src/stm32f4xx_hal_msp.c ****     PB14     ------> SPI2_MISO
 180:Src/stm32f4xx_hal_msp.c ****     PB15     ------> SPI2_MOSI 
 181:Src/stm32f4xx_hal_msp.c ****     */
 182:Src/stm32f4xx_hal_msp.c ****     GPIO_InitStruct.Pin = DRV_CS_Pin|DRV_SCK_Pin|DRV_MISO_Pin|DRV_MOSI_Pin;
 294              		.loc 1 182 0
 295 0028 4FF47043 		mov	r3, #61440
 296 002c 0193     		str	r3, [sp, #4]
 183:Src/stm32f4xx_hal_msp.c ****     GPIO_InitStruct.Mode = GPIO_MODE_AF_PP;
 297              		.loc 1 183 0
 298 002e 0223     		movs	r3, #2
 299 0030 0293     		str	r3, [sp, #8]
 184:Src/stm32f4xx_hal_msp.c ****     GPIO_InitStruct.Pull = GPIO_NOPULL;
 300              		.loc 1 184 0
 301 0032 0391     		str	r1, [sp, #12]
 185:Src/stm32f4xx_hal_msp.c ****     GPIO_InitStruct.Speed = GPIO_SPEED_FREQ_VERY_HIGH;
 302              		.loc 1 185 0
 303 0034 0323     		movs	r3, #3
 304 0036 0493     		str	r3, [sp, #16]
 186:Src/stm32f4xx_hal_msp.c ****     GPIO_InitStruct.Alternate = GPIO_AF5_SPI2;
 305              		.loc 1 186 0
 306 0038 0523     		movs	r3, #5
 307 003a 0593     		str	r3, [sp, #20]
 187:Src/stm32f4xx_hal_msp.c ****     HAL_GPIO_Init(GPIOB, &GPIO_InitStruct);
 308              		.loc 1 187 0
 309 003c 01A9     		add	r1, sp, #4
 310 003e 0448     		ldr	r0, .L25+4
 311              	.LVL21:
 312 0040 FFF7FEFF 		bl	HAL_GPIO_Init
 313              	.LVL22:
 188:Src/stm32f4xx_hal_msp.c **** 
 189:Src/stm32f4xx_hal_msp.c ****   /* USER CODE BEGIN SPI2_MspInit 1 */
 190:Src/stm32f4xx_hal_msp.c **** 
 191:Src/stm32f4xx_hal_msp.c ****   /* USER CODE END SPI2_MspInit 1 */
 192:Src/stm32f4xx_hal_msp.c ****   }
 193:Src/stm32f4xx_hal_msp.c **** 
 194:Src/stm32f4xx_hal_msp.c **** }
 314              		.loc 1 194 0
 315 0044 07B0     		add	sp, sp, #28
 316              	.LCFI7:
 317              		.cfi_def_cfa_offset 4
 318              		@ sp needed
 319 0046 5DF804FB 		ldr	pc, [sp], #4
 320              	.L26:
ARM GAS  C:\Users\hwang\AppData\Local\Temp\ccbmSsNx.s 			page 10


 321 004a 00BF     		.align	2
 322              	.L25:
 323 004c 00380040 		.word	1073756160
 324 0050 00040240 		.word	1073873920
 325              		.cfi_endproc
 326              	.LFE129:
 328              		.section	.text.HAL_SPI_MspDeInit,"ax",%progbits
 329              		.align	1
 330              		.global	HAL_SPI_MspDeInit
 331              		.syntax unified
 332              		.thumb
 333              		.thumb_func
 334              		.fpu fpv4-sp-d16
 336              	HAL_SPI_MspDeInit:
 337              	.LFB130:
 195:Src/stm32f4xx_hal_msp.c **** 
 196:Src/stm32f4xx_hal_msp.c **** void HAL_SPI_MspDeInit(SPI_HandleTypeDef* hspi)
 197:Src/stm32f4xx_hal_msp.c **** {
 338              		.loc 1 197 0
 339              		.cfi_startproc
 340              		@ args = 0, pretend = 0, frame = 0
 341              		@ frame_needed = 0, uses_anonymous_args = 0
 342              	.LVL23:
 343 0000 08B5     		push	{r3, lr}
 344              	.LCFI8:
 345              		.cfi_def_cfa_offset 8
 346              		.cfi_offset 3, -8
 347              		.cfi_offset 14, -4
 198:Src/stm32f4xx_hal_msp.c **** 
 199:Src/stm32f4xx_hal_msp.c ****   if(hspi->Instance==SPI2)
 348              		.loc 1 199 0
 349 0002 0268     		ldr	r2, [r0]
 350 0004 074B     		ldr	r3, .L31
 351 0006 9A42     		cmp	r2, r3
 352 0008 00D0     		beq	.L30
 353              	.LVL24:
 354              	.L27:
 200:Src/stm32f4xx_hal_msp.c ****   {
 201:Src/stm32f4xx_hal_msp.c ****   /* USER CODE BEGIN SPI2_MspDeInit 0 */
 202:Src/stm32f4xx_hal_msp.c **** 
 203:Src/stm32f4xx_hal_msp.c ****   /* USER CODE END SPI2_MspDeInit 0 */
 204:Src/stm32f4xx_hal_msp.c ****     /* Peripheral clock disable */
 205:Src/stm32f4xx_hal_msp.c ****     __HAL_RCC_SPI2_CLK_DISABLE();
 206:Src/stm32f4xx_hal_msp.c ****   
 207:Src/stm32f4xx_hal_msp.c ****     /**SPI2 GPIO Configuration    
 208:Src/stm32f4xx_hal_msp.c ****     PB12     ------> SPI2_NSS
 209:Src/stm32f4xx_hal_msp.c ****     PB13     ------> SPI2_SCK
 210:Src/stm32f4xx_hal_msp.c ****     PB14     ------> SPI2_MISO
 211:Src/stm32f4xx_hal_msp.c ****     PB15     ------> SPI2_MOSI 
 212:Src/stm32f4xx_hal_msp.c ****     */
 213:Src/stm32f4xx_hal_msp.c ****     HAL_GPIO_DeInit(GPIOB, DRV_CS_Pin|DRV_SCK_Pin|DRV_MISO_Pin|DRV_MOSI_Pin);
 214:Src/stm32f4xx_hal_msp.c **** 
 215:Src/stm32f4xx_hal_msp.c ****   /* USER CODE BEGIN SPI2_MspDeInit 1 */
 216:Src/stm32f4xx_hal_msp.c **** 
 217:Src/stm32f4xx_hal_msp.c ****   /* USER CODE END SPI2_MspDeInit 1 */
 218:Src/stm32f4xx_hal_msp.c ****   }
 219:Src/stm32f4xx_hal_msp.c **** 
ARM GAS  C:\Users\hwang\AppData\Local\Temp\ccbmSsNx.s 			page 11


 220:Src/stm32f4xx_hal_msp.c **** }
 355              		.loc 1 220 0
 356 000a 08BD     		pop	{r3, pc}
 357              	.LVL25:
 358              	.L30:
 205:Src/stm32f4xx_hal_msp.c ****   
 359              		.loc 1 205 0
 360 000c 064A     		ldr	r2, .L31+4
 361 000e 136C     		ldr	r3, [r2, #64]
 362 0010 23F48043 		bic	r3, r3, #16384
 363 0014 1364     		str	r3, [r2, #64]
 213:Src/stm32f4xx_hal_msp.c **** 
 364              		.loc 1 213 0
 365 0016 4FF47041 		mov	r1, #61440
 366 001a 0448     		ldr	r0, .L31+8
 367              	.LVL26:
 368 001c FFF7FEFF 		bl	HAL_GPIO_DeInit
 369              	.LVL27:
 370              		.loc 1 220 0
 371 0020 F3E7     		b	.L27
 372              	.L32:
 373 0022 00BF     		.align	2
 374              	.L31:
 375 0024 00380040 		.word	1073756160
 376 0028 00380240 		.word	1073887232
 377 002c 00040240 		.word	1073873920
 378              		.cfi_endproc
 379              	.LFE130:
 381              		.section	.text.HAL_TIM_OC_MspInit,"ax",%progbits
 382              		.align	1
 383              		.global	HAL_TIM_OC_MspInit
 384              		.syntax unified
 385              		.thumb
 386              		.thumb_func
 387              		.fpu fpv4-sp-d16
 389              	HAL_TIM_OC_MspInit:
 390              	.LFB131:
 221:Src/stm32f4xx_hal_msp.c **** 
 222:Src/stm32f4xx_hal_msp.c **** void HAL_TIM_OC_MspInit(TIM_HandleTypeDef* htim_oc)
 223:Src/stm32f4xx_hal_msp.c **** {
 391              		.loc 1 223 0
 392              		.cfi_startproc
 393              		@ args = 0, pretend = 0, frame = 8
 394              		@ frame_needed = 0, uses_anonymous_args = 0
 395              		@ link register save eliminated.
 396              	.LVL28:
 224:Src/stm32f4xx_hal_msp.c **** 
 225:Src/stm32f4xx_hal_msp.c ****   if(htim_oc->Instance==TIM1)
 397              		.loc 1 225 0
 398 0000 0268     		ldr	r2, [r0]
 399 0002 094B     		ldr	r3, .L40
 400 0004 9A42     		cmp	r2, r3
 401 0006 00D0     		beq	.L39
 402 0008 7047     		bx	lr
 403              	.L39:
 223:Src/stm32f4xx_hal_msp.c **** 
 404              		.loc 1 223 0
ARM GAS  C:\Users\hwang\AppData\Local\Temp\ccbmSsNx.s 			page 12


 405 000a 82B0     		sub	sp, sp, #8
 406              	.LCFI9:
 407              		.cfi_def_cfa_offset 8
 408              	.LBB4:
 226:Src/stm32f4xx_hal_msp.c ****   {
 227:Src/stm32f4xx_hal_msp.c ****   /* USER CODE BEGIN TIM1_MspInit 0 */
 228:Src/stm32f4xx_hal_msp.c **** 
 229:Src/stm32f4xx_hal_msp.c ****   /* USER CODE END TIM1_MspInit 0 */
 230:Src/stm32f4xx_hal_msp.c ****     /* Peripheral clock enable */
 231:Src/stm32f4xx_hal_msp.c ****     __HAL_RCC_TIM1_CLK_ENABLE();
 409              		.loc 1 231 0
 410 000c 0023     		movs	r3, #0
 411 000e 0193     		str	r3, [sp, #4]
 412 0010 064B     		ldr	r3, .L40+4
 413 0012 5A6C     		ldr	r2, [r3, #68]
 414 0014 42F00102 		orr	r2, r2, #1
 415 0018 5A64     		str	r2, [r3, #68]
 416 001a 5B6C     		ldr	r3, [r3, #68]
 417 001c 03F00103 		and	r3, r3, #1
 418 0020 0193     		str	r3, [sp, #4]
 419 0022 019B     		ldr	r3, [sp, #4]
 420              	.LBE4:
 232:Src/stm32f4xx_hal_msp.c ****   /* USER CODE BEGIN TIM1_MspInit 1 */
 233:Src/stm32f4xx_hal_msp.c **** 
 234:Src/stm32f4xx_hal_msp.c ****   /* USER CODE END TIM1_MspInit 1 */
 235:Src/stm32f4xx_hal_msp.c ****   }
 236:Src/stm32f4xx_hal_msp.c **** 
 237:Src/stm32f4xx_hal_msp.c **** }
 421              		.loc 1 237 0
 422 0024 02B0     		add	sp, sp, #8
 423              	.LCFI10:
 424              		.cfi_def_cfa_offset 0
 425              		@ sp needed
 426 0026 7047     		bx	lr
 427              	.L41:
 428              		.align	2
 429              	.L40:
 430 0028 00000140 		.word	1073807360
 431 002c 00380240 		.word	1073887232
 432              		.cfi_endproc
 433              	.LFE131:
 435              		.section	.text.HAL_TIMEx_HallSensor_MspInit,"ax",%progbits
 436              		.align	1
 437              		.global	HAL_TIMEx_HallSensor_MspInit
 438              		.syntax unified
 439              		.thumb
 440              		.thumb_func
 441              		.fpu fpv4-sp-d16
 443              	HAL_TIMEx_HallSensor_MspInit:
 444              	.LFB132:
 238:Src/stm32f4xx_hal_msp.c **** 
 239:Src/stm32f4xx_hal_msp.c **** void HAL_TIMEx_HallSensor_MspInit(TIM_HandleTypeDef* htimex_hallsensor)
 240:Src/stm32f4xx_hal_msp.c **** {
 445              		.loc 1 240 0
 446              		.cfi_startproc
 447              		@ args = 0, pretend = 0, frame = 24
 448              		@ frame_needed = 0, uses_anonymous_args = 0
ARM GAS  C:\Users\hwang\AppData\Local\Temp\ccbmSsNx.s 			page 13


 449              	.LVL29:
 241:Src/stm32f4xx_hal_msp.c **** 
 242:Src/stm32f4xx_hal_msp.c ****   GPIO_InitTypeDef GPIO_InitStruct;
 243:Src/stm32f4xx_hal_msp.c ****   if(htimex_hallsensor->Instance==TIM3)
 450              		.loc 1 243 0
 451 0000 0268     		ldr	r2, [r0]
 452 0002 104B     		ldr	r3, .L49
 453 0004 9A42     		cmp	r2, r3
 454 0006 00D0     		beq	.L48
 455 0008 7047     		bx	lr
 456              	.L48:
 240:Src/stm32f4xx_hal_msp.c **** 
 457              		.loc 1 240 0
 458 000a 00B5     		push	{lr}
 459              	.LCFI11:
 460              		.cfi_def_cfa_offset 4
 461              		.cfi_offset 14, -4
 462 000c 87B0     		sub	sp, sp, #28
 463              	.LCFI12:
 464              		.cfi_def_cfa_offset 32
 465              	.LBB5:
 244:Src/stm32f4xx_hal_msp.c ****   {
 245:Src/stm32f4xx_hal_msp.c ****   /* USER CODE BEGIN TIM3_MspInit 0 */
 246:Src/stm32f4xx_hal_msp.c **** 
 247:Src/stm32f4xx_hal_msp.c ****   /* USER CODE END TIM3_MspInit 0 */
 248:Src/stm32f4xx_hal_msp.c ****     /* Peripheral clock enable */
 249:Src/stm32f4xx_hal_msp.c ****     __HAL_RCC_TIM3_CLK_ENABLE();
 466              		.loc 1 249 0
 467 000e 0023     		movs	r3, #0
 468 0010 0093     		str	r3, [sp]
 469 0012 0D4A     		ldr	r2, .L49+4
 470 0014 116C     		ldr	r1, [r2, #64]
 471 0016 41F00201 		orr	r1, r1, #2
 472 001a 1164     		str	r1, [r2, #64]
 473 001c 126C     		ldr	r2, [r2, #64]
 474 001e 02F00202 		and	r2, r2, #2
 475 0022 0092     		str	r2, [sp]
 476 0024 009A     		ldr	r2, [sp]
 477              	.LBE5:
 250:Src/stm32f4xx_hal_msp.c ****   
 251:Src/stm32f4xx_hal_msp.c ****     /**TIM3 GPIO Configuration    
 252:Src/stm32f4xx_hal_msp.c ****     PC6     ------> TIM3_CH1
 253:Src/stm32f4xx_hal_msp.c ****     PC7     ------> TIM3_CH2
 254:Src/stm32f4xx_hal_msp.c ****     PC8     ------> TIM3_CH3 
 255:Src/stm32f4xx_hal_msp.c ****     */
 256:Src/stm32f4xx_hal_msp.c ****     GPIO_InitStruct.Pin = HALL_A_Pin|HALL_B_Pin|HALL_C_Pin;
 478              		.loc 1 256 0
 479 0026 4FF4E072 		mov	r2, #448
 480 002a 0192     		str	r2, [sp, #4]
 257:Src/stm32f4xx_hal_msp.c ****     GPIO_InitStruct.Mode = GPIO_MODE_AF_PP;
 481              		.loc 1 257 0
 482 002c 0222     		movs	r2, #2
 483 002e 0292     		str	r2, [sp, #8]
 258:Src/stm32f4xx_hal_msp.c ****     GPIO_InitStruct.Pull = GPIO_NOPULL;
 484              		.loc 1 258 0
 485 0030 0393     		str	r3, [sp, #12]
 259:Src/stm32f4xx_hal_msp.c ****     GPIO_InitStruct.Speed = GPIO_SPEED_FREQ_LOW;
ARM GAS  C:\Users\hwang\AppData\Local\Temp\ccbmSsNx.s 			page 14


 486              		.loc 1 259 0
 487 0032 0493     		str	r3, [sp, #16]
 260:Src/stm32f4xx_hal_msp.c ****     GPIO_InitStruct.Alternate = GPIO_AF2_TIM3;
 488              		.loc 1 260 0
 489 0034 0592     		str	r2, [sp, #20]
 261:Src/stm32f4xx_hal_msp.c ****     HAL_GPIO_Init(GPIOC, &GPIO_InitStruct);
 490              		.loc 1 261 0
 491 0036 01A9     		add	r1, sp, #4
 492 0038 0448     		ldr	r0, .L49+8
 493              	.LVL30:
 494 003a FFF7FEFF 		bl	HAL_GPIO_Init
 495              	.LVL31:
 262:Src/stm32f4xx_hal_msp.c **** 
 263:Src/stm32f4xx_hal_msp.c ****   /* USER CODE BEGIN TIM3_MspInit 1 */
 264:Src/stm32f4xx_hal_msp.c **** 
 265:Src/stm32f4xx_hal_msp.c ****   /* USER CODE END TIM3_MspInit 1 */
 266:Src/stm32f4xx_hal_msp.c ****   }
 267:Src/stm32f4xx_hal_msp.c **** 
 268:Src/stm32f4xx_hal_msp.c **** }
 496              		.loc 1 268 0
 497 003e 07B0     		add	sp, sp, #28
 498              	.LCFI13:
 499              		.cfi_def_cfa_offset 4
 500              		@ sp needed
 501 0040 5DF804FB 		ldr	pc, [sp], #4
 502              	.L50:
 503              		.align	2
 504              	.L49:
 505 0044 00040040 		.word	1073742848
 506 0048 00380240 		.word	1073887232
 507 004c 00080240 		.word	1073874944
 508              		.cfi_endproc
 509              	.LFE132:
 511              		.section	.text.HAL_TIM_MspPostInit,"ax",%progbits
 512              		.align	1
 513              		.global	HAL_TIM_MspPostInit
 514              		.syntax unified
 515              		.thumb
 516              		.thumb_func
 517              		.fpu fpv4-sp-d16
 519              	HAL_TIM_MspPostInit:
 520              	.LFB133:
 269:Src/stm32f4xx_hal_msp.c **** 
 270:Src/stm32f4xx_hal_msp.c **** void HAL_TIM_MspPostInit(TIM_HandleTypeDef* htim)
 271:Src/stm32f4xx_hal_msp.c **** {
 521              		.loc 1 271 0
 522              		.cfi_startproc
 523              		@ args = 0, pretend = 0, frame = 24
 524              		@ frame_needed = 0, uses_anonymous_args = 0
 525              	.LVL32:
 272:Src/stm32f4xx_hal_msp.c **** 
 273:Src/stm32f4xx_hal_msp.c ****   GPIO_InitTypeDef GPIO_InitStruct;
 274:Src/stm32f4xx_hal_msp.c ****   if(htim->Instance==TIM1)
 526              		.loc 1 274 0
 527 0000 0268     		ldr	r2, [r0]
 528 0002 0B4B     		ldr	r3, .L58
 529 0004 9A42     		cmp	r2, r3
ARM GAS  C:\Users\hwang\AppData\Local\Temp\ccbmSsNx.s 			page 15


 530 0006 00D0     		beq	.L57
 531 0008 7047     		bx	lr
 532              	.L57:
 271:Src/stm32f4xx_hal_msp.c **** 
 533              		.loc 1 271 0
 534 000a 00B5     		push	{lr}
 535              	.LCFI14:
 536              		.cfi_def_cfa_offset 4
 537              		.cfi_offset 14, -4
 538 000c 87B0     		sub	sp, sp, #28
 539              	.LCFI15:
 540              		.cfi_def_cfa_offset 32
 275:Src/stm32f4xx_hal_msp.c ****   {
 276:Src/stm32f4xx_hal_msp.c ****   /* USER CODE BEGIN TIM1_MspPostInit 0 */
 277:Src/stm32f4xx_hal_msp.c **** 
 278:Src/stm32f4xx_hal_msp.c ****   /* USER CODE END TIM1_MspPostInit 0 */
 279:Src/stm32f4xx_hal_msp.c ****   
 280:Src/stm32f4xx_hal_msp.c ****     /**TIM1 GPIO Configuration    
 281:Src/stm32f4xx_hal_msp.c ****     PE8     ------> TIM1_CH1N
 282:Src/stm32f4xx_hal_msp.c ****     PE9     ------> TIM1_CH1
 283:Src/stm32f4xx_hal_msp.c ****     PE10     ------> TIM1_CH2N
 284:Src/stm32f4xx_hal_msp.c ****     PE11     ------> TIM1_CH2
 285:Src/stm32f4xx_hal_msp.c ****     PE12     ------> TIM1_CH3N
 286:Src/stm32f4xx_hal_msp.c ****     PE13     ------> TIM1_CH3 
 287:Src/stm32f4xx_hal_msp.c ****     */
 288:Src/stm32f4xx_hal_msp.c ****     GPIO_InitStruct.Pin = GPIO_PIN_8|GPIO_PIN_9|GPIO_PIN_10|GPIO_PIN_11 
 541              		.loc 1 288 0
 542 000e 4FF47C53 		mov	r3, #16128
 543 0012 0193     		str	r3, [sp, #4]
 289:Src/stm32f4xx_hal_msp.c ****                           |GPIO_PIN_12|GPIO_PIN_13;
 290:Src/stm32f4xx_hal_msp.c ****     GPIO_InitStruct.Mode = GPIO_MODE_AF_PP;
 544              		.loc 1 290 0
 545 0014 0223     		movs	r3, #2
 546 0016 0293     		str	r3, [sp, #8]
 291:Src/stm32f4xx_hal_msp.c ****     GPIO_InitStruct.Pull = GPIO_NOPULL;
 547              		.loc 1 291 0
 548 0018 0023     		movs	r3, #0
 549 001a 0393     		str	r3, [sp, #12]
 292:Src/stm32f4xx_hal_msp.c ****     GPIO_InitStruct.Speed = GPIO_SPEED_FREQ_LOW;
 550              		.loc 1 292 0
 551 001c 0493     		str	r3, [sp, #16]
 293:Src/stm32f4xx_hal_msp.c ****     GPIO_InitStruct.Alternate = GPIO_AF1_TIM1;
 552              		.loc 1 293 0
 553 001e 0123     		movs	r3, #1
 554 0020 0593     		str	r3, [sp, #20]
 294:Src/stm32f4xx_hal_msp.c ****     HAL_GPIO_Init(GPIOE, &GPIO_InitStruct);
 555              		.loc 1 294 0
 556 0022 01A9     		add	r1, sp, #4
 557 0024 0348     		ldr	r0, .L58+4
 558              	.LVL33:
 559 0026 FFF7FEFF 		bl	HAL_GPIO_Init
 560              	.LVL34:
 295:Src/stm32f4xx_hal_msp.c **** 
 296:Src/stm32f4xx_hal_msp.c ****   /* USER CODE BEGIN TIM1_MspPostInit 1 */
 297:Src/stm32f4xx_hal_msp.c **** 
 298:Src/stm32f4xx_hal_msp.c ****   /* USER CODE END TIM1_MspPostInit 1 */
 299:Src/stm32f4xx_hal_msp.c ****   }
ARM GAS  C:\Users\hwang\AppData\Local\Temp\ccbmSsNx.s 			page 16


 300:Src/stm32f4xx_hal_msp.c **** 
 301:Src/stm32f4xx_hal_msp.c **** }
 561              		.loc 1 301 0
 562 002a 07B0     		add	sp, sp, #28
 563              	.LCFI16:
 564              		.cfi_def_cfa_offset 4
 565              		@ sp needed
 566 002c 5DF804FB 		ldr	pc, [sp], #4
 567              	.L59:
 568              		.align	2
 569              	.L58:
 570 0030 00000140 		.word	1073807360
 571 0034 00100240 		.word	1073876992
 572              		.cfi_endproc
 573              	.LFE133:
 575              		.section	.text.HAL_TIM_OC_MspDeInit,"ax",%progbits
 576              		.align	1
 577              		.global	HAL_TIM_OC_MspDeInit
 578              		.syntax unified
 579              		.thumb
 580              		.thumb_func
 581              		.fpu fpv4-sp-d16
 583              	HAL_TIM_OC_MspDeInit:
 584              	.LFB134:
 302:Src/stm32f4xx_hal_msp.c **** 
 303:Src/stm32f4xx_hal_msp.c **** void HAL_TIM_OC_MspDeInit(TIM_HandleTypeDef* htim_oc)
 304:Src/stm32f4xx_hal_msp.c **** {
 585              		.loc 1 304 0
 586              		.cfi_startproc
 587              		@ args = 0, pretend = 0, frame = 0
 588              		@ frame_needed = 0, uses_anonymous_args = 0
 589              		@ link register save eliminated.
 590              	.LVL35:
 305:Src/stm32f4xx_hal_msp.c **** 
 306:Src/stm32f4xx_hal_msp.c ****   if(htim_oc->Instance==TIM1)
 591              		.loc 1 306 0
 592 0000 0268     		ldr	r2, [r0]
 593 0002 054B     		ldr	r3, .L63
 594 0004 9A42     		cmp	r2, r3
 595 0006 00D0     		beq	.L62
 596              	.L60:
 307:Src/stm32f4xx_hal_msp.c ****   {
 308:Src/stm32f4xx_hal_msp.c ****   /* USER CODE BEGIN TIM1_MspDeInit 0 */
 309:Src/stm32f4xx_hal_msp.c **** 
 310:Src/stm32f4xx_hal_msp.c ****   /* USER CODE END TIM1_MspDeInit 0 */
 311:Src/stm32f4xx_hal_msp.c ****     /* Peripheral clock disable */
 312:Src/stm32f4xx_hal_msp.c ****     __HAL_RCC_TIM1_CLK_DISABLE();
 313:Src/stm32f4xx_hal_msp.c ****   /* USER CODE BEGIN TIM1_MspDeInit 1 */
 314:Src/stm32f4xx_hal_msp.c **** 
 315:Src/stm32f4xx_hal_msp.c ****   /* USER CODE END TIM1_MspDeInit 1 */
 316:Src/stm32f4xx_hal_msp.c ****   }
 317:Src/stm32f4xx_hal_msp.c **** 
 318:Src/stm32f4xx_hal_msp.c **** }
 597              		.loc 1 318 0
 598 0008 7047     		bx	lr
 599              	.L62:
 312:Src/stm32f4xx_hal_msp.c ****   /* USER CODE BEGIN TIM1_MspDeInit 1 */
ARM GAS  C:\Users\hwang\AppData\Local\Temp\ccbmSsNx.s 			page 17


 600              		.loc 1 312 0
 601 000a 044A     		ldr	r2, .L63+4
 602 000c 536C     		ldr	r3, [r2, #68]
 603 000e 23F00103 		bic	r3, r3, #1
 604 0012 5364     		str	r3, [r2, #68]
 605              		.loc 1 318 0
 606 0014 F8E7     		b	.L60
 607              	.L64:
 608 0016 00BF     		.align	2
 609              	.L63:
 610 0018 00000140 		.word	1073807360
 611 001c 00380240 		.word	1073887232
 612              		.cfi_endproc
 613              	.LFE134:
 615              		.section	.text.HAL_TIMEx_HallSensor_MspDeInit,"ax",%progbits
 616              		.align	1
 617              		.global	HAL_TIMEx_HallSensor_MspDeInit
 618              		.syntax unified
 619              		.thumb
 620              		.thumb_func
 621              		.fpu fpv4-sp-d16
 623              	HAL_TIMEx_HallSensor_MspDeInit:
 624              	.LFB135:
 319:Src/stm32f4xx_hal_msp.c **** 
 320:Src/stm32f4xx_hal_msp.c **** void HAL_TIMEx_HallSensor_MspDeInit(TIM_HandleTypeDef* htimex_hallsensor)
 321:Src/stm32f4xx_hal_msp.c **** {
 625              		.loc 1 321 0
 626              		.cfi_startproc
 627              		@ args = 0, pretend = 0, frame = 0
 628              		@ frame_needed = 0, uses_anonymous_args = 0
 629              	.LVL36:
 630 0000 08B5     		push	{r3, lr}
 631              	.LCFI17:
 632              		.cfi_def_cfa_offset 8
 633              		.cfi_offset 3, -8
 634              		.cfi_offset 14, -4
 322:Src/stm32f4xx_hal_msp.c **** 
 323:Src/stm32f4xx_hal_msp.c ****   if(htimex_hallsensor->Instance==TIM3)
 635              		.loc 1 323 0
 636 0002 0268     		ldr	r2, [r0]
 637 0004 074B     		ldr	r3, .L69
 638 0006 9A42     		cmp	r2, r3
 639 0008 00D0     		beq	.L68
 640              	.LVL37:
 641              	.L65:
 324:Src/stm32f4xx_hal_msp.c ****   {
 325:Src/stm32f4xx_hal_msp.c ****   /* USER CODE BEGIN TIM3_MspDeInit 0 */
 326:Src/stm32f4xx_hal_msp.c **** 
 327:Src/stm32f4xx_hal_msp.c ****   /* USER CODE END TIM3_MspDeInit 0 */
 328:Src/stm32f4xx_hal_msp.c ****     /* Peripheral clock disable */
 329:Src/stm32f4xx_hal_msp.c ****     __HAL_RCC_TIM3_CLK_DISABLE();
 330:Src/stm32f4xx_hal_msp.c ****   
 331:Src/stm32f4xx_hal_msp.c ****     /**TIM3 GPIO Configuration    
 332:Src/stm32f4xx_hal_msp.c ****     PC6     ------> TIM3_CH1
 333:Src/stm32f4xx_hal_msp.c ****     PC7     ------> TIM3_CH2
 334:Src/stm32f4xx_hal_msp.c ****     PC8     ------> TIM3_CH3 
 335:Src/stm32f4xx_hal_msp.c ****     */
ARM GAS  C:\Users\hwang\AppData\Local\Temp\ccbmSsNx.s 			page 18


 336:Src/stm32f4xx_hal_msp.c ****     HAL_GPIO_DeInit(GPIOC, HALL_A_Pin|HALL_B_Pin|HALL_C_Pin);
 337:Src/stm32f4xx_hal_msp.c **** 
 338:Src/stm32f4xx_hal_msp.c ****   /* USER CODE BEGIN TIM3_MspDeInit 1 */
 339:Src/stm32f4xx_hal_msp.c **** 
 340:Src/stm32f4xx_hal_msp.c ****   /* USER CODE END TIM3_MspDeInit 1 */
 341:Src/stm32f4xx_hal_msp.c ****   }
 342:Src/stm32f4xx_hal_msp.c **** 
 343:Src/stm32f4xx_hal_msp.c **** }
 642              		.loc 1 343 0
 643 000a 08BD     		pop	{r3, pc}
 644              	.LVL38:
 645              	.L68:
 329:Src/stm32f4xx_hal_msp.c ****   
 646              		.loc 1 329 0
 647 000c 064A     		ldr	r2, .L69+4
 648 000e 136C     		ldr	r3, [r2, #64]
 649 0010 23F00203 		bic	r3, r3, #2
 650 0014 1364     		str	r3, [r2, #64]
 336:Src/stm32f4xx_hal_msp.c **** 
 651              		.loc 1 336 0
 652 0016 4FF4E071 		mov	r1, #448
 653 001a 0448     		ldr	r0, .L69+8
 654              	.LVL39:
 655 001c FFF7FEFF 		bl	HAL_GPIO_DeInit
 656              	.LVL40:
 657              		.loc 1 343 0
 658 0020 F3E7     		b	.L65
 659              	.L70:
 660 0022 00BF     		.align	2
 661              	.L69:
 662 0024 00040040 		.word	1073742848
 663 0028 00380240 		.word	1073887232
 664 002c 00080240 		.word	1073874944
 665              		.cfi_endproc
 666              	.LFE135:
 668              		.text
 669              	.Letext0:
 670              		.file 2 "d:\\arm_tool\\gcc-arm-none-eabi-7-2017-q4-major-win32\\arm-none-eabi\\include\\machine\\_
 671              		.file 3 "d:\\arm_tool\\gcc-arm-none-eabi-7-2017-q4-major-win32\\arm-none-eabi\\include\\sys\\_stdi
 672              		.file 4 "Drivers/CMSIS/Include/core_cm4.h"
 673              		.file 5 "Drivers/CMSIS/Device/ST/STM32F4xx/Include/system_stm32f4xx.h"
 674              		.file 6 "Drivers/CMSIS/Device/ST/STM32F4xx/Include/stm32f407xx.h"
 675              		.file 7 "d:\\arm_tool\\gcc-arm-none-eabi-7-2017-q4-major-win32\\arm-none-eabi\\include\\sys\\lock.
 676              		.file 8 "d:\\arm_tool\\gcc-arm-none-eabi-7-2017-q4-major-win32\\arm-none-eabi\\include\\sys\\_type
 677              		.file 9 "d:\\arm_tool\\gcc-arm-none-eabi-7-2017-q4-major-win32\\lib\\gcc\\arm-none-eabi\\7.2.1\\in
 678              		.file 10 "d:\\arm_tool\\gcc-arm-none-eabi-7-2017-q4-major-win32\\arm-none-eabi\\include\\sys\\reen
 679              		.file 11 "Drivers/STM32F4xx_HAL_Driver/Inc/stm32f4xx_hal_def.h"
 680              		.file 12 "Drivers/STM32F4xx_HAL_Driver/Inc/stm32f4xx_hal_gpio.h"
 681              		.file 13 "Drivers/STM32F4xx_HAL_Driver/Inc/stm32f4xx_hal_dma.h"
 682              		.file 14 "Drivers/STM32F4xx_HAL_Driver/Inc/stm32f4xx_hal_adc.h"
 683              		.file 15 "Drivers/STM32F4xx_HAL_Driver/Inc/stm32f4xx_hal_spi.h"
 684              		.file 16 "Drivers/STM32F4xx_HAL_Driver/Inc/stm32f4xx_hal_tim.h"
 685              		.file 17 "Drivers/STM32F4xx_HAL_Driver/Inc/stm32f4xx_hal_cortex.h"
ARM GAS  C:\Users\hwang\AppData\Local\Temp\ccbmSsNx.s 			page 19


DEFINED SYMBOLS
                            *ABS*:00000000 stm32f4xx_hal_msp.c
C:\Users\hwang\AppData\Local\Temp\ccbmSsNx.s:18     .text.HAL_MspInit:00000000 $t
C:\Users\hwang\AppData\Local\Temp\ccbmSsNx.s:25     .text.HAL_MspInit:00000000 HAL_MspInit
C:\Users\hwang\AppData\Local\Temp\ccbmSsNx.s:89     .text.HAL_ADC_MspInit:00000000 $t
C:\Users\hwang\AppData\Local\Temp\ccbmSsNx.s:96     .text.HAL_ADC_MspInit:00000000 HAL_ADC_MspInit
C:\Users\hwang\AppData\Local\Temp\ccbmSsNx.s:179    .text.HAL_ADC_MspInit:0000005c $d
C:\Users\hwang\AppData\Local\Temp\ccbmSsNx.s:187    .text.HAL_ADC_MspDeInit:00000000 $t
C:\Users\hwang\AppData\Local\Temp\ccbmSsNx.s:194    .text.HAL_ADC_MspDeInit:00000000 HAL_ADC_MspDeInit
C:\Users\hwang\AppData\Local\Temp\ccbmSsNx.s:243    .text.HAL_ADC_MspDeInit:00000030 $d
C:\Users\hwang\AppData\Local\Temp\ccbmSsNx.s:252    .text.HAL_SPI_MspInit:00000000 $t
C:\Users\hwang\AppData\Local\Temp\ccbmSsNx.s:259    .text.HAL_SPI_MspInit:00000000 HAL_SPI_MspInit
C:\Users\hwang\AppData\Local\Temp\ccbmSsNx.s:323    .text.HAL_SPI_MspInit:0000004c $d
C:\Users\hwang\AppData\Local\Temp\ccbmSsNx.s:329    .text.HAL_SPI_MspDeInit:00000000 $t
C:\Users\hwang\AppData\Local\Temp\ccbmSsNx.s:336    .text.HAL_SPI_MspDeInit:00000000 HAL_SPI_MspDeInit
C:\Users\hwang\AppData\Local\Temp\ccbmSsNx.s:375    .text.HAL_SPI_MspDeInit:00000024 $d
C:\Users\hwang\AppData\Local\Temp\ccbmSsNx.s:382    .text.HAL_TIM_OC_MspInit:00000000 $t
C:\Users\hwang\AppData\Local\Temp\ccbmSsNx.s:389    .text.HAL_TIM_OC_MspInit:00000000 HAL_TIM_OC_MspInit
C:\Users\hwang\AppData\Local\Temp\ccbmSsNx.s:430    .text.HAL_TIM_OC_MspInit:00000028 $d
C:\Users\hwang\AppData\Local\Temp\ccbmSsNx.s:436    .text.HAL_TIMEx_HallSensor_MspInit:00000000 $t
C:\Users\hwang\AppData\Local\Temp\ccbmSsNx.s:443    .text.HAL_TIMEx_HallSensor_MspInit:00000000 HAL_TIMEx_HallSensor_MspInit
C:\Users\hwang\AppData\Local\Temp\ccbmSsNx.s:505    .text.HAL_TIMEx_HallSensor_MspInit:00000044 $d
C:\Users\hwang\AppData\Local\Temp\ccbmSsNx.s:512    .text.HAL_TIM_MspPostInit:00000000 $t
C:\Users\hwang\AppData\Local\Temp\ccbmSsNx.s:519    .text.HAL_TIM_MspPostInit:00000000 HAL_TIM_MspPostInit
C:\Users\hwang\AppData\Local\Temp\ccbmSsNx.s:570    .text.HAL_TIM_MspPostInit:00000030 $d
C:\Users\hwang\AppData\Local\Temp\ccbmSsNx.s:576    .text.HAL_TIM_OC_MspDeInit:00000000 $t
C:\Users\hwang\AppData\Local\Temp\ccbmSsNx.s:583    .text.HAL_TIM_OC_MspDeInit:00000000 HAL_TIM_OC_MspDeInit
C:\Users\hwang\AppData\Local\Temp\ccbmSsNx.s:610    .text.HAL_TIM_OC_MspDeInit:00000018 $d
C:\Users\hwang\AppData\Local\Temp\ccbmSsNx.s:616    .text.HAL_TIMEx_HallSensor_MspDeInit:00000000 $t
C:\Users\hwang\AppData\Local\Temp\ccbmSsNx.s:623    .text.HAL_TIMEx_HallSensor_MspDeInit:00000000 HAL_TIMEx_HallSensor_MspDeInit
C:\Users\hwang\AppData\Local\Temp\ccbmSsNx.s:662    .text.HAL_TIMEx_HallSensor_MspDeInit:00000024 $d

UNDEFINED SYMBOLS
HAL_NVIC_SetPriorityGrouping
HAL_NVIC_SetPriority
HAL_GPIO_Init
HAL_GPIO_DeInit
